Options: 1 2-8 111 TRUE                 6 8 row FALSE FALSE                 TRUE TRUE
Use of uninitialized value within @line in concatenation (.) or string at ./app/static/program/pheatmap/heatmap.pl line 71, <FA> line 1.
Use of uninitialized value within @line in concatenation (.) or string at ./app/static/program/pheatmap/heatmap.pl line 71, <FA> line 1.
Use of uninitialized value within @line in concatenation (.) or string at ./app/static/program/pheatmap/heatmap.pl line 71, <FA> line 1.
Use of uninitialized value within @line in concatenation (.) or string at ./app/static/program/pheatmap/heatmap.pl line 71, <FA> line 1.
Use of uninitialized value within @line in concatenation (.) or string at ./app/static/program/pheatmap/heatmap.pl line 71, <FA> line 1.
Argument "\0\0\0" isn't numeric in addition (+) at ./app/static/program/pheatmap/heatmap.pl line 83, <FA> line 2.
Argument "\0\0\0^N\0\0\0^O\0\0\0^P\0\0\0^Q\0\0\0^R\0\0\0^S\0\0\0^T..." isn't numeric in addition (+) at ./app/static/program/pheatmap/heatmap.pl line 83, <FA> line 2.
Argument "\0\0\0!\0\0\0"\0\0\0M-~M-^?M-^?M-^?M-~M-^?M-^?M-^?&\0\0\0..." isn't numeric in addition (+) at ./app/static/program/pheatmap/heatmap.pl line 83, <FA> line 2.
Argument "\0E\0n\0t\0r\0y\0\0\0\0\0\0\0\0\0\0\0\0\0\0\0\0\0\0\0\0\0..." isn't numeric in addition (+) at ./app/static/program/pheatmap/heatmap.pl line 83, <FA> line 2.
Argument "^H^B\0\0\0\0\0M-@\0\0\0\0\0\0F\0\0\0\0\0\0\0\0\0\0\0\0" isn't numeric in addition (+) at ./app/static/program/pheatmap/heatmap.pl line 83, <FA> line 2.
Argument "M-'gM-^Z)M-aM-T^A$\0\0\0M-\0^B\0\0\0\0\0\0W\0o\0r\0k\0b\0..." isn't numeric in addition (+) at ./app/static/program/pheatmap/heatmap.pl line 83, <FA> line 2.
Argument "^H^P\0\0^F^E\0M-)^_M-M^GM-I\0^A\0^F^D\0\0M-a\0^B\0M-0^DM-A..." isn't numeric in addition (+) at ./app/static/program/pheatmap/heatmap.pl line 83, <FA> line 2.
Argument "\0N\0e\0w\0" isn't numeric in addition (+) at ./app/static/program/pheatmap/heatmap.pl line 83, <FA> line 3.
Argument "\0R\0o\0m\0a\0n\0^^^D^X\0^E\0^S\0\0"M-%"#,##0;"M-%"\\-#,..." isn't numeric in addition (+) at ./app/static/program/pheatmap/heatmap.pl line 83, <FA> line 3.
Argument ""M-%"*" isn't numeric in addition (+) at ./app/static/program/pheatmap/heatmap.pl line 83, <FA> line 3.
Argument "#,##0_" isn't numeric in addition (+) at ./app/static/program/pheatmap/heatmap.pl line 83, <FA> line 3.
Argument ";_" isn't numeric in addition (+) at ./app/static/program/pheatmap/heatmap.pl line 83, <FA> line 3.
Argument ""M-%"*" isn't numeric in addition (+) at ./app/static/program/pheatmap/heatmap.pl line 83, <FA> line 3.
Argument "\\-#,##0_" isn't numeric in addition (+) at ./app/static/program/pheatmap/heatmap.pl line 83, <FA> line 3.
Argument "M-`\0^T\0^K\0\0\0M-uM-^?^P\0\0M-T\0" isn't numeric in addition (+) at ./app/static/program/pheatmap/heatmap.pl line 83, <FA> line 4.
Argument "\0\0\0^O\0\0M-@" isn't numeric in addition (+) at ./app/static/program/pheatmap/heatmap.pl line 83, <FA> line 4.
Argument "M-`\0^T\0^K\0\0\0M-uM-^?^P\0\0M-t\0\0\0\0\0\0\0\0M-@" isn't numeric in addition (+) at ./app/static/program/pheatmap/heatmap.pl line 83, <FA> line 4.
Argument "M-`\0^T\0" isn't numeric in addition (+) at ./app/static/program/pheatmap/heatmap.pl line 83, <FA> line 4.
Argument "\0\0\0M-uM-^?^P\0\0M-4\0\0\0\0\0\0\0^DM--" isn't numeric in addition (+) at ./app/static/program/pheatmap/heatmap.pl line 83, <FA> line 4.
Argument "M-`\0^T\0" isn't numeric in addition (+) at ./app/static/program/pheatmap/heatmap.pl line 83, <FA> line 4.
Argument "\0\0\0M-uM-^?^P\0\0M-4\0\0\0\0\0\0\0^DM-*" isn't numeric in addition (+) at ./app/static/program/pheatmap/heatmap.pl line 83, <FA> line 4.
Argument "\0^T\0^C\0\0\0^A\0\0\0.00\\)_" isn't numeric in addition (+) at ./app/static/program/pheatmap/heatmap.pl line 83, <FA> line 5.
Argument "*^N\0^E\0^B}^H-\0}^H\0\0\0\0\0\0\0\0\0\0\0\0^K\0\0\0^B\0" isn't numeric in addition (+) at ./app/static/program/pheatmap/heatmap.pl line 83, <FA> line 5.
Argument "\0^T\0^C\0\0\0^A\0\0\0.00\\)_" isn't numeric in addition (+) at ./app/static/program/pheatmap/heatmap.pl line 83, <FA> line 5.
Argument "*^N\0^E\0^B}^H-\0}^H\0\0\0\0\0\0\0\0\0\0\0\0" isn't numeric in addition (+) at ./app/static/program/pheatmap/heatmap.pl line 83, <FA> line 5.
Argument "\0\0\0^B\0" isn't numeric in addition (+) at ./app/static/program/pheatmap/heatmap.pl line 83, <FA> line 5.
Argument "\0^T\0^C\0\0\0^A\0\0\0.00\\)_" isn't numeric in addition (+) at ./app/static/program/pheatmap/heatmap.pl line 83, <FA> line 5.
Argument "*^N\0^E\0^B}^H-\0}^H\0\0\0\0\0\0\0\0\0\0\0\0" isn't numeric in addition (+) at ./app/static/program/pheatmap/heatmap.pl line 83, <FA> line 5.
Argument "\0^T\0^C\0\0\0\0\0\0\0.00\\)_" isn't numeric in addition (+) at ./app/static/program/pheatmap/heatmap.pl line 83, <FA> line 6.
Argument "*^N\0^E\0^B^D\0^T\0^B\0\0\0M-%M-%M-%M-^?;_" isn't numeric in addition (+) at ./app/static/program/pheatmap/heatmap.pl line 83, <FA> line 6.
Argument "@_" isn't numeric in addition (+) at ./app/static/program/pheatmap/heatmap.pl line 83, <FA> line 6.
Argument "^G\0^T\0^B\0\0\0???M-^?" isn't numeric in addition (+) at ./app/static/program/pheatmap/heatmap.pl line 83, <FA> line 6.
Argument "^H\0^T\0^B\0\0\0???M-^?" isn't numeric in addition (+) at ./app/static/program/pheatmap/heatmap.pl line 83, <FA> line 6.
Argument "\0^T\0^B\0\0\0???M-^?\0\0\0\0\0\0\0\0" isn't numeric in addition (+) at ./app/static/program/pheatmap/heatmap.pl line 83, <FA> line 6.
Use of uninitialized value within @tmp in concatenation (.) or string at ./app/static/program/pheatmap/heatmap.pl line 82, <FA> line 6.
Use of uninitialized value in addition (+) at ./app/static/program/pheatmap/heatmap.pl line 83, <FA> line 6.
Argument "\0^T\0^B\0\0\0^?^?^?M-^?.00\\)_" isn't numeric in addition (+) at ./app/static/program/pheatmap/heatmap.pl line 83, <FA> line 7.
Argument "*^N\0^E\0^B}^H-\0}^H\0\0\0\0\0\0\0\0\0\0\0\00\0\0\0^B\0" isn't numeric in addition (+) at ./app/static/program/pheatmap/heatmap.pl line 83, <FA> line 7.
Argument "\0^T\0^B\0\0\0M-^?\0\0M-^?.00\\)_" isn't numeric in addition (+) at ./app/static/program/pheatmap/heatmap.pl line 83, <FA> line 7.
Argument "*^N\0^E\0^B}^HA\0}^H\0\0\0\0\0\0\0\0\0\0\0\01\0\0\0^C\0" isn't numeric in addition (+) at ./app/static/program/pheatmap/heatmap.pl line 83, <FA> line 7.
Argument "\0^T\0^B\0\0\0M-z}\0M-^?.00\\)_" isn't numeric in addition (+) at ./app/static/program/pheatmap/heatmap.pl line 83, <FA> line 7.
Argument "*^N\0^E\0^B^H\0^T\0^B\0\0\0M-^?M-\0^AM-^?;_" isn't numeric in addition (+) at ./app/static/program/pheatmap/heatmap.pl line 83, <FA> line 7.
Argument "@_" isn't numeric in addition (+) at ./app/static/program/pheatmap/heatmap.pl line 83, <FA> line 7.
Argument "\0^T\0^B\0\0\0??vM-^?.00\\)_" isn't numeric in addition (+) at ./app/static/program/pheatmap/heatmap.pl line 83, <FA> line 8.
Argument "*^N\0^E\0^B^D\0^T\0^B\0\0\0M-^?M-LM-^YM-^?;_" isn't numeric in addition (+) at ./app/static/program/pheatmap/heatmap.pl line 83, <FA> line 8.
Argument "@_" isn't numeric in addition (+) at ./app/static/program/pheatmap/heatmap.pl line 83, <FA> line 8.
Argument "^G\0^T\0^B\0\0\0^?^?^?M-^?" isn't numeric in addition (+) at ./app/static/program/pheatmap/heatmap.pl line 83, <FA> line 8.
Argument "^H\0^T\0^B\0\0\0^?^?^?M-^?" isn't numeric in addition (+) at ./app/static/program/pheatmap/heatmap.pl line 83, <FA> line 8.
Argument "\0^T\0^B\0\0\0^?^?^?M-^?\0\0\0\0\0\0\0\0" isn't numeric in addition (+) at ./app/static/program/pheatmap/heatmap.pl line 83, <FA> line 8.
Use of uninitialized value within @tmp in concatenation (.) or string at ./app/static/program/pheatmap/heatmap.pl line 82, <FA> line 8.
Use of uninitialized value in addition (+) at ./app/static/program/pheatmap/heatmap.pl line 83, <FA> line 8.
Argument "\0^T\0^C\0\0\0^A\0\0\0.00\\)_" isn't numeric in addition (+) at ./app/static/program/pheatmap/heatmap.pl line 83, <FA> line 9.
Argument "*^N\0^E\0^B^D\0^T\0^B\0\0\0M-^?M-^?M-LM-^?;_" isn't numeric in addition (+) at ./app/static/program/pheatmap/heatmap.pl line 83, <FA> line 9.
Argument "@_" isn't numeric in addition (+) at ./app/static/program/pheatmap/heatmap.pl line 83, <FA> line 9.
Argument "^G\0^T\0^B\0\0\0M-2M-2M-2M-^?" isn't numeric in addition (+) at ./app/static/program/pheatmap/heatmap.pl line 83, <FA> line 9.
Argument "^H\0^T\0^B\0\0\0M-2M-2M-2M-^?" isn't numeric in addition (+) at ./app/static/program/pheatmap/heatmap.pl line 83, <FA> line 9.
Argument "\0^T\0^B\0\0\0M-2M-2M-2M-^?\0\0\0\0\0\0\0\0" isn't numeric in addition (+) at ./app/static/program/pheatmap/heatmap.pl line 83, <FA> line 9.
Use of uninitialized value within @tmp in concatenation (.) or string at ./app/static/program/pheatmap/heatmap.pl line 82, <FA> line 9.
Use of uninitialized value in addition (+) at ./app/static/program/pheatmap/heatmap.pl line 83, <FA> line 9.
Argument "\0^T\0^B\0\0\0\0\0\0M-^?.00\\)_" isn't numeric in addition (+) at ./app/static/program/pheatmap/heatmap.pl line 83, <FA> line 10.
Argument "*}^H-\0}^H\0\0\0\0\0\0\0\0\0\0\0\0?\0\0\0^B\0" isn't numeric in addition (+) at ./app/static/program/pheatmap/heatmap.pl line 83, <FA> line 10.
Argument "\0^T\0^C\0\0\0^A\0\0\0.00\\)_" isn't numeric in addition (+) at ./app/static/program/pheatmap/heatmap.pl line 83, <FA> line 10.
Argument "*^N\0^E\0^BM-^S^B!\0^P\0^N\0^A2\00\0%\0" isn't numeric in addition (+) at ./app/static/program/pheatmap/heatmap.pl line 83, <FA> line 10.
Argument "\0-\0" isn't numeric in addition (+) at ./app/static/program/pheatmap/heatmap.pl line 83, <FA> line 10.
Argument "\0:_^CM-\fM-^GeW[M-^\M-^XrM-^B" isn't numeric in addition (+) at ./app/static/program/pheatmap/heatmap.pl line 83, <FA> line 10.
Argument "\01\0M-^R^HO\0M-^R^H\0\0\0\0\0\0\0\0\0\0^A^D^^M-^?^N\02\0..." isn't numeric in addition (+) at ./app/static/program/pheatmap/heatmap.pl line 83, <FA> line 10.
Argument "\0^EM-^?\0\0M-^?M-^?M-LM-^?^F\0^N\0^EM-^?\0\0M-2M-2M-2M-^?..." isn't numeric in addition (+) at ./app/static/program/pheatmap/heatmap.pl line 83, <FA> line 11.
Argument "\0^N\0^EM-^?\0\0M-2M-2M-2M-^?^A\0M-^N^HX\0M-^N^H\0\0\0\0..." isn't numeric in addition (+) at ./app/static/program/pheatmap/heatmap.pl line 83, <FA> line 11.
Argument "\0\0\0" isn't numeric in addition (+) at ./app/static/program/pheatmap/heatmap.pl line 83, <FA> line 11.
Argument "\0\0\0^B\0\0x1^B\0\0x2^B\0\0x3^B\0\0x4^B\0\0x5^B\0\0x6^B..." isn't numeric in addition (+) at ./app/static/program/pheatmap/heatmap.pl line 83, <FA> line 11.
Argument "\0\0\0M-q.\0\04\0\0\0c^H^V\0c^H\0\0\0\0\0\0\0\0\0\0^V\0\0..." isn't numeric in addition (+) at ./app/static/program/pheatmap/heatmap.pl line 83, <FA> line 11.
Use of uninitialized value within @tmp in concatenation (.) or string at ./app/static/program/pheatmap/heatmap.pl line 82, <FA> line 11.
Use of uninitialized value in addition (+) at ./app/static/program/pheatmap/heatmap.pl line 83, <FA> line 11.
Use of uninitialized value within @tmp in concatenation (.) or string at ./app/static/program/pheatmap/heatmap.pl line 82, <FA> line 11.
Use of uninitialized value in addition (+) at ./app/static/program/pheatmap/heatmap.pl line 83, <FA> line 11.
Argument "^H^P\0\0^F^P\0M-)^_M-M^GM-I\0^A\0^F^D\0\0^K^B^T\0\0\0\0\0..." isn't numeric in addition (+) at ./app/static/program/pheatmap/heatmap.pl line 83, <FA> line 12.
Argument "\0^B\0^A\0" isn't numeric in addition (+) at ./app/static/program/pheatmap/heatmap.pl line 83, <FA> line 12.
Argument "\0^B\0d\0^O\0^B\0^A\0^Q\0^B\0\0\0^P\0^H\0M-|M-)M-qM-RMbP..." isn't numeric in addition (+) at ./app/static/program/pheatmap/heatmap.pl line 83, <FA> line 12.
Argument "\0\0\0\0\0d\0^A\0^A\0M-H\0^A\0^A\0M-H\0^A\0\0\0L\0e\0t\0..." isn't numeric in addition (+) at ./app/static/program/pheatmap/heatmap.pl line 83, <FA> line 12.
Argument "\0d\0^A\0^A\0^A\0^B\0M-H\0M-H\0333333M-S?333333M-S?^A\0M-^\..." isn't numeric in addition (+) at ./app/static/program/pheatmap/heatmap.pl line 83, <FA> line 12.
Use of uninitialized value within @tmp in concatenation (.) or string at ./app/static/program/pheatmap/heatmap.pl line 82, <FA> line 12.
Use of uninitialized value in addition (+) at ./app/static/program/pheatmap/heatmap.pl line 83, <FA> line 12.
Use of uninitialized value within @tmp in concatenation (.) or string at ./app/static/program/pheatmap/heatmap.pl line 82, <FA> line 12.
Use of uninitialized value in addition (+) at ./app/static/program/pheatmap/heatmap.pl line 83, <FA> line 12.
Use of uninitialized value within @tmp in concatenation (.) or string at ./app/static/program/pheatmap/heatmap.pl line 82, <FA> line 13.
Use of uninitialized value in addition (+) at ./app/static/program/pheatmap/heatmap.pl line 83, <FA> line 13.
Use of uninitialized value within @tmp in concatenation (.) or string at ./app/static/program/pheatmap/heatmap.pl line 82, <FA> line 13.
Use of uninitialized value in addition (+) at ./app/static/program/pheatmap/heatmap.pl line 83, <FA> line 13.
Use of uninitialized value within @tmp in concatenation (.) or string at ./app/static/program/pheatmap/heatmap.pl line 82, <FA> line 13.
Use of uninitialized value in addition (+) at ./app/static/program/pheatmap/heatmap.pl line 83, <FA> line 13.
Use of uninitialized value within @tmp in concatenation (.) or string at ./app/static/program/pheatmap/heatmap.pl line 82, <FA> line 13.
Use of uninitialized value in addition (+) at ./app/static/program/pheatmap/heatmap.pl line 83, <FA> line 13.
Use of uninitialized value within @tmp in concatenation (.) or string at ./app/static/program/pheatmap/heatmap.pl line 82, <FA> line 13.
Use of uninitialized value in addition (+) at ./app/static/program/pheatmap/heatmap.pl line 83, <FA> line 13.
Use of uninitialized value within @tmp in concatenation (.) or string at ./app/static/program/pheatmap/heatmap.pl line 82, <FA> line 13.
Use of uninitialized value in addition (+) at ./app/static/program/pheatmap/heatmap.pl line 83, <FA> line 13.
Use of uninitialized value within @tmp in concatenation (.) or string at ./app/static/program/pheatmap/heatmap.pl line 82, <FA> line 13.
Use of uninitialized value in addition (+) at ./app/static/program/pheatmap/heatmap.pl line 83, <FA> line 13.
Use of uninitialized value within @tmp in concatenation (.) or string at ./app/static/program/pheatmap/heatmap.pl line 82, <FA> line 14.
Use of uninitialized value in addition (+) at ./app/static/program/pheatmap/heatmap.pl line 83, <FA> line 14.
Use of uninitialized value within @tmp in concatenation (.) or string at ./app/static/program/pheatmap/heatmap.pl line 82, <FA> line 14.
Use of uninitialized value in addition (+) at ./app/static/program/pheatmap/heatmap.pl line 83, <FA> line 14.
Use of uninitialized value within @tmp in concatenation (.) or string at ./app/static/program/pheatmap/heatmap.pl line 82, <FA> line 14.
Use of uninitialized value in addition (+) at ./app/static/program/pheatmap/heatmap.pl line 83, <FA> line 14.
Use of uninitialized value within @tmp in concatenation (.) or string at ./app/static/program/pheatmap/heatmap.pl line 82, <FA> line 14.
Use of uninitialized value in addition (+) at ./app/static/program/pheatmap/heatmap.pl line 83, <FA> line 14.
Use of uninitialized value within @tmp in concatenation (.) or string at ./app/static/program/pheatmap/heatmap.pl line 82, <FA> line 14.
Use of uninitialized value in addition (+) at ./app/static/program/pheatmap/heatmap.pl line 83, <FA> line 14.
Use of uninitialized value within @tmp in concatenation (.) or string at ./app/static/program/pheatmap/heatmap.pl line 82, <FA> line 14.
Use of uninitialized value in addition (+) at ./app/static/program/pheatmap/heatmap.pl line 83, <FA> line 14.
Use of uninitialized value within @tmp in concatenation (.) or string at ./app/static/program/pheatmap/heatmap.pl line 82, <FA> line 14.
Use of uninitialized value in addition (+) at ./app/static/program/pheatmap/heatmap.pl line 83, <FA> line 14.
Use of uninitialized value within @tmp in concatenation (.) or string at ./app/static/program/pheatmap/heatmap.pl line 82, <FA> line 15.
Use of uninitialized value in addition (+) at ./app/static/program/pheatmap/heatmap.pl line 83, <FA> line 15.
Use of uninitialized value within @tmp in concatenation (.) or string at ./app/static/program/pheatmap/heatmap.pl line 82, <FA> line 15.
Use of uninitialized value in addition (+) at ./app/static/program/pheatmap/heatmap.pl line 83, <FA> line 15.
Use of uninitialized value within @tmp in concatenation (.) or string at ./app/static/program/pheatmap/heatmap.pl line 82, <FA> line 15.
Use of uninitialized value in addition (+) at ./app/static/program/pheatmap/heatmap.pl line 83, <FA> line 15.
Use of uninitialized value within @tmp in concatenation (.) or string at ./app/static/program/pheatmap/heatmap.pl line 82, <FA> line 15.
Use of uninitialized value in addition (+) at ./app/static/program/pheatmap/heatmap.pl line 83, <FA> line 15.
Use of uninitialized value within @tmp in concatenation (.) or string at ./app/static/program/pheatmap/heatmap.pl line 82, <FA> line 15.
Use of uninitialized value in addition (+) at ./app/static/program/pheatmap/heatmap.pl line 83, <FA> line 15.
Use of uninitialized value within @tmp in concatenation (.) or string at ./app/static/program/pheatmap/heatmap.pl line 82, <FA> line 15.
Use of uninitialized value in addition (+) at ./app/static/program/pheatmap/heatmap.pl line 83, <FA> line 15.
Use of uninitialized value within @tmp in concatenation (.) or string at ./app/static/program/pheatmap/heatmap.pl line 82, <FA> line 15.
Use of uninitialized value in addition (+) at ./app/static/program/pheatmap/heatmap.pl line 83, <FA> line 15.
Use of uninitialized value within @tmp in concatenation (.) or string at ./app/static/program/pheatmap/heatmap.pl line 82, <FA> line 16.
Use of uninitialized value in addition (+) at ./app/static/program/pheatmap/heatmap.pl line 83, <FA> line 16.
Use of uninitialized value within @tmp in concatenation (.) or string at ./app/static/program/pheatmap/heatmap.pl line 82, <FA> line 16.
Use of uninitialized value in addition (+) at ./app/static/program/pheatmap/heatmap.pl line 83, <FA> line 16.
Use of uninitialized value within @tmp in concatenation (.) or string at ./app/static/program/pheatmap/heatmap.pl line 82, <FA> line 16.
Use of uninitialized value in addition (+) at ./app/static/program/pheatmap/heatmap.pl line 83, <FA> line 16.
Use of uninitialized value within @tmp in concatenation (.) or string at ./app/static/program/pheatmap/heatmap.pl line 82, <FA> line 16.
Use of uninitialized value in addition (+) at ./app/static/program/pheatmap/heatmap.pl line 83, <FA> line 16.
Use of uninitialized value within @tmp in concatenation (.) or string at ./app/static/program/pheatmap/heatmap.pl line 82, <FA> line 16.
Use of uninitialized value in addition (+) at ./app/static/program/pheatmap/heatmap.pl line 83, <FA> line 16.
Use of uninitialized value within @tmp in concatenation (.) or string at ./app/static/program/pheatmap/heatmap.pl line 82, <FA> line 16.
Use of uninitialized value in addition (+) at ./app/static/program/pheatmap/heatmap.pl line 83, <FA> line 16.
Use of uninitialized value within @tmp in concatenation (.) or string at ./app/static/program/pheatmap/heatmap.pl line 82, <FA> line 16.
Use of uninitialized value in addition (+) at ./app/static/program/pheatmap/heatmap.pl line 83, <FA> line 16.
Use of uninitialized value within @tmp in concatenation (.) or string at ./app/static/program/pheatmap/heatmap.pl line 82, <FA> line 17.
Use of uninitialized value in addition (+) at ./app/static/program/pheatmap/heatmap.pl line 83, <FA> line 17.
Use of uninitialized value within @tmp in concatenation (.) or string at ./app/static/program/pheatmap/heatmap.pl line 82, <FA> line 17.
Use of uninitialized value in addition (+) at ./app/static/program/pheatmap/heatmap.pl line 83, <FA> line 17.
Use of uninitialized value within @tmp in concatenation (.) or string at ./app/static/program/pheatmap/heatmap.pl line 82, <FA> line 17.
Use of uninitialized value in addition (+) at ./app/static/program/pheatmap/heatmap.pl line 83, <FA> line 17.
Use of uninitialized value within @tmp in concatenation (.) or string at ./app/static/program/pheatmap/heatmap.pl line 82, <FA> line 17.
Use of uninitialized value in addition (+) at ./app/static/program/pheatmap/heatmap.pl line 83, <FA> line 17.
Use of uninitialized value within @tmp in concatenation (.) or string at ./app/static/program/pheatmap/heatmap.pl line 82, <FA> line 17.
Use of uninitialized value in addition (+) at ./app/static/program/pheatmap/heatmap.pl line 83, <FA> line 17.
Use of uninitialized value within @tmp in concatenation (.) or string at ./app/static/program/pheatmap/heatmap.pl line 82, <FA> line 17.
Use of uninitialized value in addition (+) at ./app/static/program/pheatmap/heatmap.pl line 83, <FA> line 17.
Use of uninitialized value within @tmp in concatenation (.) or string at ./app/static/program/pheatmap/heatmap.pl line 82, <FA> line 17.
Use of uninitialized value in addition (+) at ./app/static/program/pheatmap/heatmap.pl line 83, <FA> line 17.
Use of uninitialized value within @tmp in concatenation (.) or string at ./app/static/program/pheatmap/heatmap.pl line 82, <FA> line 18.
Use of uninitialized value in addition (+) at ./app/static/program/pheatmap/heatmap.pl line 83, <FA> line 18.
Use of uninitialized value within @tmp in concatenation (.) or string at ./app/static/program/pheatmap/heatmap.pl line 82, <FA> line 18.
Use of uninitialized value in addition (+) at ./app/static/program/pheatmap/heatmap.pl line 83, <FA> line 18.
Use of uninitialized value within @tmp in concatenation (.) or string at ./app/static/program/pheatmap/heatmap.pl line 82, <FA> line 18.
Use of uninitialized value in addition (+) at ./app/static/program/pheatmap/heatmap.pl line 83, <FA> line 18.
Use of uninitialized value within @tmp in concatenation (.) or string at ./app/static/program/pheatmap/heatmap.pl line 82, <FA> line 18.
Use of uninitialized value in addition (+) at ./app/static/program/pheatmap/heatmap.pl line 83, <FA> line 18.
Use of uninitialized value within @tmp in concatenation (.) or string at ./app/static/program/pheatmap/heatmap.pl line 82, <FA> line 18.
Use of uninitialized value in addition (+) at ./app/static/program/pheatmap/heatmap.pl line 83, <FA> line 18.
Use of uninitialized value within @tmp in concatenation (.) or string at ./app/static/program/pheatmap/heatmap.pl line 82, <FA> line 18.
Use of uninitialized value in addition (+) at ./app/static/program/pheatmap/heatmap.pl line 83, <FA> line 18.
Use of uninitialized value within @tmp in concatenation (.) or string at ./app/static/program/pheatmap/heatmap.pl line 82, <FA> line 18.
Use of uninitialized value in addition (+) at ./app/static/program/pheatmap/heatmap.pl line 83, <FA> line 18.
Use of uninitialized value within @tmp in concatenation (.) or string at ./app/static/program/pheatmap/heatmap.pl line 82, <FA> line 19.
Use of uninitialized value in addition (+) at ./app/static/program/pheatmap/heatmap.pl line 83, <FA> line 19.
Use of uninitialized value within @tmp in concatenation (.) or string at ./app/static/program/pheatmap/heatmap.pl line 82, <FA> line 19.
Use of uninitialized value in addition (+) at ./app/static/program/pheatmap/heatmap.pl line 83, <FA> line 19.
Use of uninitialized value within @tmp in concatenation (.) or string at ./app/static/program/pheatmap/heatmap.pl line 82, <FA> line 19.
Use of uninitialized value in addition (+) at ./app/static/program/pheatmap/heatmap.pl line 83, <FA> line 19.
Use of uninitialized value within @tmp in concatenation (.) or string at ./app/static/program/pheatmap/heatmap.pl line 82, <FA> line 19.
Use of uninitialized value in addition (+) at ./app/static/program/pheatmap/heatmap.pl line 83, <FA> line 19.
Use of uninitialized value within @tmp in concatenation (.) or string at ./app/static/program/pheatmap/heatmap.pl line 82, <FA> line 19.
Use of uninitialized value in addition (+) at ./app/static/program/pheatmap/heatmap.pl line 83, <FA> line 19.
Use of uninitialized value within @tmp in concatenation (.) or string at ./app/static/program/pheatmap/heatmap.pl line 82, <FA> line 19.
Use of uninitialized value in addition (+) at ./app/static/program/pheatmap/heatmap.pl line 83, <FA> line 19.
Use of uninitialized value within @tmp in concatenation (.) or string at ./app/static/program/pheatmap/heatmap.pl line 82, <FA> line 19.
Use of uninitialized value in addition (+) at ./app/static/program/pheatmap/heatmap.pl line 83, <FA> line 19.
Use of uninitialized value within @tmp in concatenation (.) or string at ./app/static/program/pheatmap/heatmap.pl line 82, <FA> line 20.
Use of uninitialized value in addition (+) at ./app/static/program/pheatmap/heatmap.pl line 83, <FA> line 20.
Use of uninitialized value within @tmp in concatenation (.) or string at ./app/static/program/pheatmap/heatmap.pl line 82, <FA> line 20.
Use of uninitialized value in addition (+) at ./app/static/program/pheatmap/heatmap.pl line 83, <FA> line 20.
Use of uninitialized value within @tmp in concatenation (.) or string at ./app/static/program/pheatmap/heatmap.pl line 82, <FA> line 20.
Use of uninitialized value in addition (+) at ./app/static/program/pheatmap/heatmap.pl line 83, <FA> line 20.
Use of uninitialized value within @tmp in concatenation (.) or string at ./app/static/program/pheatmap/heatmap.pl line 82, <FA> line 20.
Use of uninitialized value in addition (+) at ./app/static/program/pheatmap/heatmap.pl line 83, <FA> line 20.
Use of uninitialized value within @tmp in concatenation (.) or string at ./app/static/program/pheatmap/heatmap.pl line 82, <FA> line 20.
Use of uninitialized value in addition (+) at ./app/static/program/pheatmap/heatmap.pl line 83, <FA> line 20.
Use of uninitialized value within @tmp in concatenation (.) or string at ./app/static/program/pheatmap/heatmap.pl line 82, <FA> line 20.
Use of uninitialized value in addition (+) at ./app/static/program/pheatmap/heatmap.pl line 83, <FA> line 20.
Use of uninitialized value within @tmp in concatenation (.) or string at ./app/static/program/pheatmap/heatmap.pl line 82, <FA> line 20.
Use of uninitialized value in addition (+) at ./app/static/program/pheatmap/heatmap.pl line 83, <FA> line 20.
Use of uninitialized value within @tmp in concatenation (.) or string at ./app/static/program/pheatmap/heatmap.pl line 82, <FA> line 21.
Use of uninitialized value in addition (+) at ./app/static/program/pheatmap/heatmap.pl line 83, <FA> line 21.
Use of uninitialized value within @tmp in concatenation (.) or string at ./app/static/program/pheatmap/heatmap.pl line 82, <FA> line 21.
Use of uninitialized value in addition (+) at ./app/static/program/pheatmap/heatmap.pl line 83, <FA> line 21.
Use of uninitialized value within @tmp in concatenation (.) or string at ./app/static/program/pheatmap/heatmap.pl line 82, <FA> line 21.
Use of uninitialized value in addition (+) at ./app/static/program/pheatmap/heatmap.pl line 83, <FA> line 21.
Use of uninitialized value within @tmp in concatenation (.) or string at ./app/static/program/pheatmap/heatmap.pl line 82, <FA> line 21.
Use of uninitialized value in addition (+) at ./app/static/program/pheatmap/heatmap.pl line 83, <FA> line 21.
Use of uninitialized value within @tmp in concatenation (.) or string at ./app/static/program/pheatmap/heatmap.pl line 82, <FA> line 21.
Use of uninitialized value in addition (+) at ./app/static/program/pheatmap/heatmap.pl line 83, <FA> line 21.
Use of uninitialized value within @tmp in concatenation (.) or string at ./app/static/program/pheatmap/heatmap.pl line 82, <FA> line 21.
Use of uninitialized value in addition (+) at ./app/static/program/pheatmap/heatmap.pl line 83, <FA> line 21.
Use of uninitialized value within @tmp in concatenation (.) or string at ./app/static/program/pheatmap/heatmap.pl line 82, <FA> line 21.
Use of uninitialized value in addition (+) at ./app/static/program/pheatmap/heatmap.pl line 83, <FA> line 21.
Use of uninitialized value within @tmp in concatenation (.) or string at ./app/static/program/pheatmap/heatmap.pl line 82, <FA> line 22.
Use of uninitialized value in addition (+) at ./app/static/program/pheatmap/heatmap.pl line 83, <FA> line 22.
Use of uninitialized value within @tmp in concatenation (.) or string at ./app/static/program/pheatmap/heatmap.pl line 82, <FA> line 22.
Use of uninitialized value in addition (+) at ./app/static/program/pheatmap/heatmap.pl line 83, <FA> line 22.
Use of uninitialized value within @tmp in concatenation (.) or string at ./app/static/program/pheatmap/heatmap.pl line 82, <FA> line 22.
Use of uninitialized value in addition (+) at ./app/static/program/pheatmap/heatmap.pl line 83, <FA> line 22.
Use of uninitialized value within @tmp in concatenation (.) or string at ./app/static/program/pheatmap/heatmap.pl line 82, <FA> line 22.
Use of uninitialized value in addition (+) at ./app/static/program/pheatmap/heatmap.pl line 83, <FA> line 22.
Use of uninitialized value within @tmp in concatenation (.) or string at ./app/static/program/pheatmap/heatmap.pl line 82, <FA> line 22.
Use of uninitialized value in addition (+) at ./app/static/program/pheatmap/heatmap.pl line 83, <FA> line 22.
Use of uninitialized value within @tmp in concatenation (.) or string at ./app/static/program/pheatmap/heatmap.pl line 82, <FA> line 22.
Use of uninitialized value in addition (+) at ./app/static/program/pheatmap/heatmap.pl line 83, <FA> line 22.
Use of uninitialized value within @tmp in concatenation (.) or string at ./app/static/program/pheatmap/heatmap.pl line 82, <FA> line 22.
Use of uninitialized value in addition (+) at ./app/static/program/pheatmap/heatmap.pl line 83, <FA> line 22.
Argument "\0\0\0" isn't numeric in addition (+) at ./app/static/program/pheatmap/heatmap.pl line 83, <FA> line 23.
Use of uninitialized value within @tmp in concatenation (.) or string at ./app/static/program/pheatmap/heatmap.pl line 82, <FA> line 23.
Use of uninitialized value in addition (+) at ./app/static/program/pheatmap/heatmap.pl line 83, <FA> line 23.
Use of uninitialized value within @tmp in concatenation (.) or string at ./app/static/program/pheatmap/heatmap.pl line 82, <FA> line 23.
Use of uninitialized value in addition (+) at ./app/static/program/pheatmap/heatmap.pl line 83, <FA> line 23.
Use of uninitialized value within @tmp in concatenation (.) or string at ./app/static/program/pheatmap/heatmap.pl line 82, <FA> line 23.
Use of uninitialized value in addition (+) at ./app/static/program/pheatmap/heatmap.pl line 83, <FA> line 23.
Use of uninitialized value within @tmp in concatenation (.) or string at ./app/static/program/pheatmap/heatmap.pl line 82, <FA> line 23.
Use of uninitialized value in addition (+) at ./app/static/program/pheatmap/heatmap.pl line 83, <FA> line 23.
Use of uninitialized value within @tmp in concatenation (.) or string at ./app/static/program/pheatmap/heatmap.pl line 82, <FA> line 23.
Use of uninitialized value in addition (+) at ./app/static/program/pheatmap/heatmap.pl line 83, <FA> line 23.
Use of uninitialized value within @tmp in concatenation (.) or string at ./app/static/program/pheatmap/heatmap.pl line 82, <FA> line 23.
Use of uninitialized value in addition (+) at ./app/static/program/pheatmap/heatmap.pl line 83, <FA> line 23.
Argument "\0\0\0" isn't numeric in addition (+) at ./app/static/program/pheatmap/heatmap.pl line 83, <FA> line 24.
Use of uninitialized value within @tmp in concatenation (.) or string at ./app/static/program/pheatmap/heatmap.pl line 82, <FA> line 24.
Use of uninitialized value in addition (+) at ./app/static/program/pheatmap/heatmap.pl line 83, <FA> line 24.
Use of uninitialized value within @tmp in concatenation (.) or string at ./app/static/program/pheatmap/heatmap.pl line 82, <FA> line 24.
Use of uninitialized value in addition (+) at ./app/static/program/pheatmap/heatmap.pl line 83, <FA> line 24.
Use of uninitialized value within @tmp in concatenation (.) or string at ./app/static/program/pheatmap/heatmap.pl line 82, <FA> line 24.
Use of uninitialized value in addition (+) at ./app/static/program/pheatmap/heatmap.pl line 83, <FA> line 24.
Use of uninitialized value within @tmp in concatenation (.) or string at ./app/static/program/pheatmap/heatmap.pl line 82, <FA> line 24.
Use of uninitialized value in addition (+) at ./app/static/program/pheatmap/heatmap.pl line 83, <FA> line 24.
Use of uninitialized value within @tmp in concatenation (.) or string at ./app/static/program/pheatmap/heatmap.pl line 82, <FA> line 24.
Use of uninitialized value in addition (+) at ./app/static/program/pheatmap/heatmap.pl line 83, <FA> line 24.
Use of uninitialized value within @tmp in concatenation (.) or string at ./app/static/program/pheatmap/heatmap.pl line 82, <FA> line 24.
Use of uninitialized value in addition (+) at ./app/static/program/pheatmap/heatmap.pl line 83, <FA> line 24.
Use of uninitialized value within @tmp in concatenation (.) or string at ./app/static/program/pheatmap/heatmap.pl line 82, <FA> line 25.
Use of uninitialized value in addition (+) at ./app/static/program/pheatmap/heatmap.pl line 83, <FA> line 25.
Use of uninitialized value within @tmp in concatenation (.) or string at ./app/static/program/pheatmap/heatmap.pl line 82, <FA> line 25.
Use of uninitialized value in addition (+) at ./app/static/program/pheatmap/heatmap.pl line 83, <FA> line 25.
Use of uninitialized value within @tmp in concatenation (.) or string at ./app/static/program/pheatmap/heatmap.pl line 82, <FA> line 25.
Use of uninitialized value in addition (+) at ./app/static/program/pheatmap/heatmap.pl line 83, <FA> line 25.
Use of uninitialized value within @tmp in concatenation (.) or string at ./app/static/program/pheatmap/heatmap.pl line 82, <FA> line 25.
Use of uninitialized value in addition (+) at ./app/static/program/pheatmap/heatmap.pl line 83, <FA> line 25.
Use of uninitialized value within @tmp in concatenation (.) or string at ./app/static/program/pheatmap/heatmap.pl line 82, <FA> line 25.
Use of uninitialized value in addition (+) at ./app/static/program/pheatmap/heatmap.pl line 83, <FA> line 25.
Use of uninitialized value within @tmp in concatenation (.) or string at ./app/static/program/pheatmap/heatmap.pl line 82, <FA> line 25.
Use of uninitialized value in addition (+) at ./app/static/program/pheatmap/heatmap.pl line 83, <FA> line 25.
Use of uninitialized value within @tmp in concatenation (.) or string at ./app/static/program/pheatmap/heatmap.pl line 82, <FA> line 25.
Use of uninitialized value in addition (+) at ./app/static/program/pheatmap/heatmap.pl line 83, <FA> line 25.
Use of uninitialized value within @tmp in concatenation (.) or string at ./app/static/program/pheatmap/heatmap.pl line 82, <FA> line 26.
Use of uninitialized value in addition (+) at ./app/static/program/pheatmap/heatmap.pl line 83, <FA> line 26.
Use of uninitialized value within @tmp in concatenation (.) or string at ./app/static/program/pheatmap/heatmap.pl line 82, <FA> line 26.
Use of uninitialized value in addition (+) at ./app/static/program/pheatmap/heatmap.pl line 83, <FA> line 26.
Use of uninitialized value within @tmp in concatenation (.) or string at ./app/static/program/pheatmap/heatmap.pl line 82, <FA> line 26.
Use of uninitialized value in addition (+) at ./app/static/program/pheatmap/heatmap.pl line 83, <FA> line 26.
Use of uninitialized value within @tmp in concatenation (.) or string at ./app/static/program/pheatmap/heatmap.pl line 82, <FA> line 26.
Use of uninitialized value in addition (+) at ./app/static/program/pheatmap/heatmap.pl line 83, <FA> line 26.
Use of uninitialized value within @tmp in concatenation (.) or string at ./app/static/program/pheatmap/heatmap.pl line 82, <FA> line 26.
Use of uninitialized value in addition (+) at ./app/static/program/pheatmap/heatmap.pl line 83, <FA> line 26.
Use of uninitialized value within @tmp in concatenation (.) or string at ./app/static/program/pheatmap/heatmap.pl line 82, <FA> line 26.
Use of uninitialized value in addition (+) at ./app/static/program/pheatmap/heatmap.pl line 83, <FA> line 26.
Use of uninitialized value within @tmp in concatenation (.) or string at ./app/static/program/pheatmap/heatmap.pl line 82, <FA> line 26.
Use of uninitialized value in addition (+) at ./app/static/program/pheatmap/heatmap.pl line 83, <FA> line 26.
Use of uninitialized value within @tmp in concatenation (.) or string at ./app/static/program/pheatmap/heatmap.pl line 82, <FA> line 27.
Use of uninitialized value in addition (+) at ./app/static/program/pheatmap/heatmap.pl line 83, <FA> line 27.
Use of uninitialized value within @tmp in concatenation (.) or string at ./app/static/program/pheatmap/heatmap.pl line 82, <FA> line 27.
Use of uninitialized value in addition (+) at ./app/static/program/pheatmap/heatmap.pl line 83, <FA> line 27.
Use of uninitialized value within @tmp in concatenation (.) or string at ./app/static/program/pheatmap/heatmap.pl line 82, <FA> line 27.
Use of uninitialized value in addition (+) at ./app/static/program/pheatmap/heatmap.pl line 83, <FA> line 27.
Use of uninitialized value within @tmp in concatenation (.) or string at ./app/static/program/pheatmap/heatmap.pl line 82, <FA> line 27.
Use of uninitialized value in addition (+) at ./app/static/program/pheatmap/heatmap.pl line 83, <FA> line 27.
Use of uninitialized value within @tmp in concatenation (.) or string at ./app/static/program/pheatmap/heatmap.pl line 82, <FA> line 27.
Use of uninitialized value in addition (+) at ./app/static/program/pheatmap/heatmap.pl line 83, <FA> line 27.
Use of uninitialized value within @tmp in concatenation (.) or string at ./app/static/program/pheatmap/heatmap.pl line 82, <FA> line 27.
Use of uninitialized value in addition (+) at ./app/static/program/pheatmap/heatmap.pl line 83, <FA> line 27.
Use of uninitialized value within @tmp in concatenation (.) or string at ./app/static/program/pheatmap/heatmap.pl line 82, <FA> line 27.
Use of uninitialized value in addition (+) at ./app/static/program/pheatmap/heatmap.pl line 83, <FA> line 27.
Use of uninitialized value within @tmp in concatenation (.) or string at ./app/static/program/pheatmap/heatmap.pl line 82, <FA> line 28.
Use of uninitialized value in addition (+) at ./app/static/program/pheatmap/heatmap.pl line 83, <FA> line 28.
Use of uninitialized value within @tmp in concatenation (.) or string at ./app/static/program/pheatmap/heatmap.pl line 82, <FA> line 28.
Use of uninitialized value in addition (+) at ./app/static/program/pheatmap/heatmap.pl line 83, <FA> line 28.
Use of uninitialized value within @tmp in concatenation (.) or string at ./app/static/program/pheatmap/heatmap.pl line 82, <FA> line 28.
Use of uninitialized value in addition (+) at ./app/static/program/pheatmap/heatmap.pl line 83, <FA> line 28.
Use of uninitialized value within @tmp in concatenation (.) or string at ./app/static/program/pheatmap/heatmap.pl line 82, <FA> line 28.
Use of uninitialized value in addition (+) at ./app/static/program/pheatmap/heatmap.pl line 83, <FA> line 28.
Use of uninitialized value within @tmp in concatenation (.) or string at ./app/static/program/pheatmap/heatmap.pl line 82, <FA> line 28.
Use of uninitialized value in addition (+) at ./app/static/program/pheatmap/heatmap.pl line 83, <FA> line 28.
Use of uninitialized value within @tmp in concatenation (.) or string at ./app/static/program/pheatmap/heatmap.pl line 82, <FA> line 28.
Use of uninitialized value in addition (+) at ./app/static/program/pheatmap/heatmap.pl line 83, <FA> line 28.
Use of uninitialized value within @tmp in concatenation (.) or string at ./app/static/program/pheatmap/heatmap.pl line 82, <FA> line 28.
Use of uninitialized value in addition (+) at ./app/static/program/pheatmap/heatmap.pl line 83, <FA> line 28.
Use of uninitialized value within @tmp in concatenation (.) or string at ./app/static/program/pheatmap/heatmap.pl line 82, <FA> line 29.
Use of uninitialized value in addition (+) at ./app/static/program/pheatmap/heatmap.pl line 83, <FA> line 29.
Use of uninitialized value within @tmp in concatenation (.) or string at ./app/static/program/pheatmap/heatmap.pl line 82, <FA> line 29.
Use of uninitialized value in addition (+) at ./app/static/program/pheatmap/heatmap.pl line 83, <FA> line 29.
Use of uninitialized value within @tmp in concatenation (.) or string at ./app/static/program/pheatmap/heatmap.pl line 82, <FA> line 29.
Use of uninitialized value in addition (+) at ./app/static/program/pheatmap/heatmap.pl line 83, <FA> line 29.
Use of uninitialized value within @tmp in concatenation (.) or string at ./app/static/program/pheatmap/heatmap.pl line 82, <FA> line 29.
Use of uninitialized value in addition (+) at ./app/static/program/pheatmap/heatmap.pl line 83, <FA> line 29.
Use of uninitialized value within @tmp in concatenation (.) or string at ./app/static/program/pheatmap/heatmap.pl line 82, <FA> line 29.
Use of uninitialized value in addition (+) at ./app/static/program/pheatmap/heatmap.pl line 83, <FA> line 29.
Use of uninitialized value within @tmp in concatenation (.) or string at ./app/static/program/pheatmap/heatmap.pl line 82, <FA> line 29.
Use of uninitialized value in addition (+) at ./app/static/program/pheatmap/heatmap.pl line 83, <FA> line 29.
Use of uninitialized value within @tmp in concatenation (.) or string at ./app/static/program/pheatmap/heatmap.pl line 82, <FA> line 29.
Use of uninitialized value in addition (+) at ./app/static/program/pheatmap/heatmap.pl line 83, <FA> line 29.
Use of uninitialized value within @tmp in concatenation (.) or string at ./app/static/program/pheatmap/heatmap.pl line 82, <FA> line 30.
Use of uninitialized value in addition (+) at ./app/static/program/pheatmap/heatmap.pl line 83, <FA> line 30.
Use of uninitialized value within @tmp in concatenation (.) or string at ./app/static/program/pheatmap/heatmap.pl line 82, <FA> line 30.
Use of uninitialized value in addition (+) at ./app/static/program/pheatmap/heatmap.pl line 83, <FA> line 30.
Use of uninitialized value within @tmp in concatenation (.) or string at ./app/static/program/pheatmap/heatmap.pl line 82, <FA> line 30.
Use of uninitialized value in addition (+) at ./app/static/program/pheatmap/heatmap.pl line 83, <FA> line 30.
Use of uninitialized value within @tmp in concatenation (.) or string at ./app/static/program/pheatmap/heatmap.pl line 82, <FA> line 30.
Use of uninitialized value in addition (+) at ./app/static/program/pheatmap/heatmap.pl line 83, <FA> line 30.
Use of uninitialized value within @tmp in concatenation (.) or string at ./app/static/program/pheatmap/heatmap.pl line 82, <FA> line 30.
Use of uninitialized value in addition (+) at ./app/static/program/pheatmap/heatmap.pl line 83, <FA> line 30.
Use of uninitialized value within @tmp in concatenation (.) or string at ./app/static/program/pheatmap/heatmap.pl line 82, <FA> line 30.
Use of uninitialized value in addition (+) at ./app/static/program/pheatmap/heatmap.pl line 83, <FA> line 30.
Use of uninitialized value within @tmp in concatenation (.) or string at ./app/static/program/pheatmap/heatmap.pl line 82, <FA> line 30.
Use of uninitialized value in addition (+) at ./app/static/program/pheatmap/heatmap.pl line 83, <FA> line 30.
Use of uninitialized value within @tmp in concatenation (.) or string at ./app/static/program/pheatmap/heatmap.pl line 82, <FA> line 31.
Use of uninitialized value in addition (+) at ./app/static/program/pheatmap/heatmap.pl line 83, <FA> line 31.
Use of uninitialized value within @tmp in concatenation (.) or string at ./app/static/program/pheatmap/heatmap.pl line 82, <FA> line 31.
Use of uninitialized value in addition (+) at ./app/static/program/pheatmap/heatmap.pl line 83, <FA> line 31.
Use of uninitialized value within @tmp in concatenation (.) or string at ./app/static/program/pheatmap/heatmap.pl line 82, <FA> line 31.
Use of uninitialized value in addition (+) at ./app/static/program/pheatmap/heatmap.pl line 83, <FA> line 31.
Use of uninitialized value within @tmp in concatenation (.) or string at ./app/static/program/pheatmap/heatmap.pl line 82, <FA> line 31.
Use of uninitialized value in addition (+) at ./app/static/program/pheatmap/heatmap.pl line 83, <FA> line 31.
Use of uninitialized value within @tmp in concatenation (.) or string at ./app/static/program/pheatmap/heatmap.pl line 82, <FA> line 31.
Use of uninitialized value in addition (+) at ./app/static/program/pheatmap/heatmap.pl line 83, <FA> line 31.
Use of uninitialized value within @tmp in concatenation (.) or string at ./app/static/program/pheatmap/heatmap.pl line 82, <FA> line 31.
Use of uninitialized value in addition (+) at ./app/static/program/pheatmap/heatmap.pl line 83, <FA> line 31.
Use of uninitialized value within @tmp in concatenation (.) or string at ./app/static/program/pheatmap/heatmap.pl line 82, <FA> line 31.
Use of uninitialized value in addition (+) at ./app/static/program/pheatmap/heatmap.pl line 83, <FA> line 31.
Use of uninitialized value within @tmp in concatenation (.) or string at ./app/static/program/pheatmap/heatmap.pl line 82, <FA> line 32.
Use of uninitialized value in addition (+) at ./app/static/program/pheatmap/heatmap.pl line 83, <FA> line 32.
Use of uninitialized value within @tmp in concatenation (.) or string at ./app/static/program/pheatmap/heatmap.pl line 82, <FA> line 32.
Use of uninitialized value in addition (+) at ./app/static/program/pheatmap/heatmap.pl line 83, <FA> line 32.
Use of uninitialized value within @tmp in concatenation (.) or string at ./app/static/program/pheatmap/heatmap.pl line 82, <FA> line 32.
Use of uninitialized value in addition (+) at ./app/static/program/pheatmap/heatmap.pl line 83, <FA> line 32.
Use of uninitialized value within @tmp in concatenation (.) or string at ./app/static/program/pheatmap/heatmap.pl line 82, <FA> line 32.
Use of uninitialized value in addition (+) at ./app/static/program/pheatmap/heatmap.pl line 83, <FA> line 32.
Use of uninitialized value within @tmp in concatenation (.) or string at ./app/static/program/pheatmap/heatmap.pl line 82, <FA> line 32.
Use of uninitialized value in addition (+) at ./app/static/program/pheatmap/heatmap.pl line 83, <FA> line 32.
Use of uninitialized value within @tmp in concatenation (.) or string at ./app/static/program/pheatmap/heatmap.pl line 82, <FA> line 32.
Use of uninitialized value in addition (+) at ./app/static/program/pheatmap/heatmap.pl line 83, <FA> line 32.
Use of uninitialized value within @tmp in concatenation (.) or string at ./app/static/program/pheatmap/heatmap.pl line 82, <FA> line 32.
Use of uninitialized value in addition (+) at ./app/static/program/pheatmap/heatmap.pl line 83, <FA> line 32.
Use of uninitialized value within @tmp in concatenation (.) or string at ./app/static/program/pheatmap/heatmap.pl line 82, <FA> line 33.
Use of uninitialized value in addition (+) at ./app/static/program/pheatmap/heatmap.pl line 83, <FA> line 33.
Use of uninitialized value within @tmp in concatenation (.) or string at ./app/static/program/pheatmap/heatmap.pl line 82, <FA> line 33.
Use of uninitialized value in addition (+) at ./app/static/program/pheatmap/heatmap.pl line 83, <FA> line 33.
Use of uninitialized value within @tmp in concatenation (.) or string at ./app/static/program/pheatmap/heatmap.pl line 82, <FA> line 33.
Use of uninitialized value in addition (+) at ./app/static/program/pheatmap/heatmap.pl line 83, <FA> line 33.
Use of uninitialized value within @tmp in concatenation (.) or string at ./app/static/program/pheatmap/heatmap.pl line 82, <FA> line 33.
Use of uninitialized value in addition (+) at ./app/static/program/pheatmap/heatmap.pl line 83, <FA> line 33.
Use of uninitialized value within @tmp in concatenation (.) or string at ./app/static/program/pheatmap/heatmap.pl line 82, <FA> line 33.
Use of uninitialized value in addition (+) at ./app/static/program/pheatmap/heatmap.pl line 83, <FA> line 33.
Use of uninitialized value within @tmp in concatenation (.) or string at ./app/static/program/pheatmap/heatmap.pl line 82, <FA> line 33.
Use of uninitialized value in addition (+) at ./app/static/program/pheatmap/heatmap.pl line 83, <FA> line 33.
Use of uninitialized value within @tmp in concatenation (.) or string at ./app/static/program/pheatmap/heatmap.pl line 82, <FA> line 33.
Use of uninitialized value in addition (+) at ./app/static/program/pheatmap/heatmap.pl line 83, <FA> line 33.
Use of uninitialized value within @tmp in concatenation (.) or string at ./app/static/program/pheatmap/heatmap.pl line 82, <FA> line 34.
Use of uninitialized value in addition (+) at ./app/static/program/pheatmap/heatmap.pl line 83, <FA> line 34.
Use of uninitialized value within @tmp in concatenation (.) or string at ./app/static/program/pheatmap/heatmap.pl line 82, <FA> line 34.
Use of uninitialized value in addition (+) at ./app/static/program/pheatmap/heatmap.pl line 83, <FA> line 34.
Use of uninitialized value within @tmp in concatenation (.) or string at ./app/static/program/pheatmap/heatmap.pl line 82, <FA> line 34.
Use of uninitialized value in addition (+) at ./app/static/program/pheatmap/heatmap.pl line 83, <FA> line 34.
Use of uninitialized value within @tmp in concatenation (.) or string at ./app/static/program/pheatmap/heatmap.pl line 82, <FA> line 34.
Use of uninitialized value in addition (+) at ./app/static/program/pheatmap/heatmap.pl line 83, <FA> line 34.
Use of uninitialized value within @tmp in concatenation (.) or string at ./app/static/program/pheatmap/heatmap.pl line 82, <FA> line 34.
Use of uninitialized value in addition (+) at ./app/static/program/pheatmap/heatmap.pl line 83, <FA> line 34.
Use of uninitialized value within @tmp in concatenation (.) or string at ./app/static/program/pheatmap/heatmap.pl line 82, <FA> line 34.
Use of uninitialized value in addition (+) at ./app/static/program/pheatmap/heatmap.pl line 83, <FA> line 34.
Use of uninitialized value within @tmp in concatenation (.) or string at ./app/static/program/pheatmap/heatmap.pl line 82, <FA> line 34.
Use of uninitialized value in addition (+) at ./app/static/program/pheatmap/heatmap.pl line 83, <FA> line 34.
Argument "\0>\0,M-TM-^ZM-f^]M-'M-\\?M-}\0" isn't numeric in addition (+) at ./app/static/program/pheatmap/heatmap.pl line 83, <FA> line 35.
Use of uninitialized value within @tmp in concatenation (.) or string at ./app/static/program/pheatmap/heatmap.pl line 82, <FA> line 35.
Use of uninitialized value in addition (+) at ./app/static/program/pheatmap/heatmap.pl line 83, <FA> line 35.
Use of uninitialized value within @tmp in concatenation (.) or string at ./app/static/program/pheatmap/heatmap.pl line 82, <FA> line 35.
Use of uninitialized value in addition (+) at ./app/static/program/pheatmap/heatmap.pl line 83, <FA> line 35.
Use of uninitialized value within @tmp in concatenation (.) or string at ./app/static/program/pheatmap/heatmap.pl line 82, <FA> line 35.
Use of uninitialized value in addition (+) at ./app/static/program/pheatmap/heatmap.pl line 83, <FA> line 35.
Use of uninitialized value within @tmp in concatenation (.) or string at ./app/static/program/pheatmap/heatmap.pl line 82, <FA> line 35.
Use of uninitialized value in addition (+) at ./app/static/program/pheatmap/heatmap.pl line 83, <FA> line 35.
Use of uninitialized value within @tmp in concatenation (.) or string at ./app/static/program/pheatmap/heatmap.pl line 82, <FA> line 35.
Use of uninitialized value in addition (+) at ./app/static/program/pheatmap/heatmap.pl line 83, <FA> line 35.
Use of uninitialized value within @tmp in concatenation (.) or string at ./app/static/program/pheatmap/heatmap.pl line 82, <FA> line 35.
Use of uninitialized value in addition (+) at ./app/static/program/pheatmap/heatmap.pl line 83, <FA> line 35.
Use of uninitialized value within @tmp in concatenation (.) or string at ./app/static/program/pheatmap/heatmap.pl line 82, <FA> line 36.
Use of uninitialized value in addition (+) at ./app/static/program/pheatmap/heatmap.pl line 83, <FA> line 36.
Use of uninitialized value within @tmp in concatenation (.) or string at ./app/static/program/pheatmap/heatmap.pl line 82, <FA> line 36.
Use of uninitialized value in addition (+) at ./app/static/program/pheatmap/heatmap.pl line 83, <FA> line 36.
Use of uninitialized value within @tmp in concatenation (.) or string at ./app/static/program/pheatmap/heatmap.pl line 82, <FA> line 36.
Use of uninitialized value in addition (+) at ./app/static/program/pheatmap/heatmap.pl line 83, <FA> line 36.
Use of uninitialized value within @tmp in concatenation (.) or string at ./app/static/program/pheatmap/heatmap.pl line 82, <FA> line 36.
Use of uninitialized value in addition (+) at ./app/static/program/pheatmap/heatmap.pl line 83, <FA> line 36.
Use of uninitialized value within @tmp in concatenation (.) or string at ./app/static/program/pheatmap/heatmap.pl line 82, <FA> line 36.
Use of uninitialized value in addition (+) at ./app/static/program/pheatmap/heatmap.pl line 83, <FA> line 36.
Use of uninitialized value within @tmp in concatenation (.) or string at ./app/static/program/pheatmap/heatmap.pl line 82, <FA> line 36.
Use of uninitialized value in addition (+) at ./app/static/program/pheatmap/heatmap.pl line 83, <FA> line 36.
Use of uninitialized value within @tmp in concatenation (.) or string at ./app/static/program/pheatmap/heatmap.pl line 82, <FA> line 36.
Use of uninitialized value in addition (+) at ./app/static/program/pheatmap/heatmap.pl line 83, <FA> line 36.
Argument "AM-e?^C^B^N\0^A\0^F\0>\0tFM-^TM-v^F_M-^HM-?^C^B^N\0^A\0^G..." isn't numeric in addition (+) at ./app/static/program/pheatmap/heatmap.pl line 83, <FA> line 37.
Argument "\0>\0TM-cM-%M-^[M-D" isn't numeric in addition (+) at ./app/static/program/pheatmap/heatmap.pl line 83, <FA> line 37.
Argument "M-P?M-}\0" isn't numeric in addition (+) at ./app/static/program/pheatmap/heatmap.pl line 83, <FA> line 37.
Use of uninitialized value within @tmp in concatenation (.) or string at ./app/static/program/pheatmap/heatmap.pl line 82, <FA> line 37.
Use of uninitialized value in addition (+) at ./app/static/program/pheatmap/heatmap.pl line 83, <FA> line 37.
Use of uninitialized value within @tmp in concatenation (.) or string at ./app/static/program/pheatmap/heatmap.pl line 82, <FA> line 37.
Use of uninitialized value in addition (+) at ./app/static/program/pheatmap/heatmap.pl line 83, <FA> line 37.
Use of uninitialized value within @tmp in concatenation (.) or string at ./app/static/program/pheatmap/heatmap.pl line 82, <FA> line 37.
Use of uninitialized value in addition (+) at ./app/static/program/pheatmap/heatmap.pl line 83, <FA> line 37.
Use of uninitialized value within @tmp in concatenation (.) or string at ./app/static/program/pheatmap/heatmap.pl line 82, <FA> line 37.
Use of uninitialized value in addition (+) at ./app/static/program/pheatmap/heatmap.pl line 83, <FA> line 37.
Use of uninitialized value within @tmp in concatenation (.) or string at ./app/static/program/pheatmap/heatmap.pl line 82, <FA> line 38.
Use of uninitialized value in addition (+) at ./app/static/program/pheatmap/heatmap.pl line 83, <FA> line 38.
Use of uninitialized value within @tmp in concatenation (.) or string at ./app/static/program/pheatmap/heatmap.pl line 82, <FA> line 38.
Use of uninitialized value in addition (+) at ./app/static/program/pheatmap/heatmap.pl line 83, <FA> line 38.
Use of uninitialized value within @tmp in concatenation (.) or string at ./app/static/program/pheatmap/heatmap.pl line 82, <FA> line 38.
Use of uninitialized value in addition (+) at ./app/static/program/pheatmap/heatmap.pl line 83, <FA> line 38.
Use of uninitialized value within @tmp in concatenation (.) or string at ./app/static/program/pheatmap/heatmap.pl line 82, <FA> line 38.
Use of uninitialized value in addition (+) at ./app/static/program/pheatmap/heatmap.pl line 83, <FA> line 38.
Use of uninitialized value within @tmp in concatenation (.) or string at ./app/static/program/pheatmap/heatmap.pl line 82, <FA> line 38.
Use of uninitialized value in addition (+) at ./app/static/program/pheatmap/heatmap.pl line 83, <FA> line 38.
Use of uninitialized value within @tmp in concatenation (.) or string at ./app/static/program/pheatmap/heatmap.pl line 82, <FA> line 38.
Use of uninitialized value in addition (+) at ./app/static/program/pheatmap/heatmap.pl line 83, <FA> line 38.
Use of uninitialized value within @tmp in concatenation (.) or string at ./app/static/program/pheatmap/heatmap.pl line 82, <FA> line 38.
Use of uninitialized value in addition (+) at ./app/static/program/pheatmap/heatmap.pl line 83, <FA> line 38.
Argument "qM-,M-m?^C^B^N\0^B\0^E\0>\0M-:I" isn't numeric in addition (+) at ./app/static/program/pheatmap/heatmap.pl line 83, <FA> line 39.
Argument "^B+M-^GM-j?^C^B^N\0^B\0^F\0>\0DM-zM-mM-kM-@9M-3M-?^C^B^N..." isn't numeric in addition (+) at ./app/static/program/pheatmap/heatmap.pl line 83, <FA> line 39.
Argument "\0>\0$M-9M-|M-^GM-tM-[M-_?M-}\0" isn't numeric in addition (+) at ./app/static/program/pheatmap/heatmap.pl line 83, <FA> line 39.
Use of uninitialized value within @tmp in concatenation (.) or string at ./app/static/program/pheatmap/heatmap.pl line 82, <FA> line 39.
Use of uninitialized value in addition (+) at ./app/static/program/pheatmap/heatmap.pl line 83, <FA> line 39.
Use of uninitialized value within @tmp in concatenation (.) or string at ./app/static/program/pheatmap/heatmap.pl line 82, <FA> line 39.
Use of uninitialized value in addition (+) at ./app/static/program/pheatmap/heatmap.pl line 83, <FA> line 39.
Use of uninitialized value within @tmp in concatenation (.) or string at ./app/static/program/pheatmap/heatmap.pl line 82, <FA> line 39.
Use of uninitialized value in addition (+) at ./app/static/program/pheatmap/heatmap.pl line 83, <FA> line 39.
Use of uninitialized value within @tmp in concatenation (.) or string at ./app/static/program/pheatmap/heatmap.pl line 82, <FA> line 39.
Use of uninitialized value in addition (+) at ./app/static/program/pheatmap/heatmap.pl line 83, <FA> line 39.
Use of uninitialized value within @tmp in concatenation (.) or string at ./app/static/program/pheatmap/heatmap.pl line 82, <FA> line 40.
Use of uninitialized value in addition (+) at ./app/static/program/pheatmap/heatmap.pl line 83, <FA> line 40.
Use of uninitialized value within @tmp in concatenation (.) or string at ./app/static/program/pheatmap/heatmap.pl line 82, <FA> line 40.
Use of uninitialized value in addition (+) at ./app/static/program/pheatmap/heatmap.pl line 83, <FA> line 40.
Use of uninitialized value within @tmp in concatenation (.) or string at ./app/static/program/pheatmap/heatmap.pl line 82, <FA> line 40.
Use of uninitialized value in addition (+) at ./app/static/program/pheatmap/heatmap.pl line 83, <FA> line 40.
Use of uninitialized value within @tmp in concatenation (.) or string at ./app/static/program/pheatmap/heatmap.pl line 82, <FA> line 40.
Use of uninitialized value in addition (+) at ./app/static/program/pheatmap/heatmap.pl line 83, <FA> line 40.
Use of uninitialized value within @tmp in concatenation (.) or string at ./app/static/program/pheatmap/heatmap.pl line 82, <FA> line 40.
Use of uninitialized value in addition (+) at ./app/static/program/pheatmap/heatmap.pl line 83, <FA> line 40.
Use of uninitialized value within @tmp in concatenation (.) or string at ./app/static/program/pheatmap/heatmap.pl line 82, <FA> line 40.
Use of uninitialized value in addition (+) at ./app/static/program/pheatmap/heatmap.pl line 83, <FA> line 40.
Use of uninitialized value within @tmp in concatenation (.) or string at ./app/static/program/pheatmap/heatmap.pl line 82, <FA> line 40.
Use of uninitialized value in addition (+) at ./app/static/program/pheatmap/heatmap.pl line 83, <FA> line 40.
Argument "qM-,M-m?~^B" isn't numeric in addition (+) at ./app/static/program/pheatmap/heatmap.pl line 83, <FA> line 41.
Use of uninitialized value within @tmp in concatenation (.) or string at ./app/static/program/pheatmap/heatmap.pl line 82, <FA> line 41.
Use of uninitialized value in addition (+) at ./app/static/program/pheatmap/heatmap.pl line 83, <FA> line 41.
Use of uninitialized value within @tmp in concatenation (.) or string at ./app/static/program/pheatmap/heatmap.pl line 82, <FA> line 41.
Use of uninitialized value in addition (+) at ./app/static/program/pheatmap/heatmap.pl line 83, <FA> line 41.
Use of uninitialized value within @tmp in concatenation (.) or string at ./app/static/program/pheatmap/heatmap.pl line 82, <FA> line 41.
Use of uninitialized value in addition (+) at ./app/static/program/pheatmap/heatmap.pl line 83, <FA> line 41.
Use of uninitialized value within @tmp in concatenation (.) or string at ./app/static/program/pheatmap/heatmap.pl line 82, <FA> line 41.
Use of uninitialized value in addition (+) at ./app/static/program/pheatmap/heatmap.pl line 83, <FA> line 41.
Use of uninitialized value within @tmp in concatenation (.) or string at ./app/static/program/pheatmap/heatmap.pl line 82, <FA> line 41.
Use of uninitialized value in addition (+) at ./app/static/program/pheatmap/heatmap.pl line 83, <FA> line 41.
Use of uninitialized value within @tmp in concatenation (.) or string at ./app/static/program/pheatmap/heatmap.pl line 82, <FA> line 41.
Use of uninitialized value in addition (+) at ./app/static/program/pheatmap/heatmap.pl line 83, <FA> line 41.
Argument "\0>\02M-fM-.%M-dM-^CM-`?M-}\0" isn't numeric in addition (+) at ./app/static/program/pheatmap/heatmap.pl line 83, <FA> line 42.
Use of uninitialized value within @tmp in concatenation (.) or string at ./app/static/program/pheatmap/heatmap.pl line 82, <FA> line 42.
Use of uninitialized value in addition (+) at ./app/static/program/pheatmap/heatmap.pl line 83, <FA> line 42.
Use of uninitialized value within @tmp in concatenation (.) or string at ./app/static/program/pheatmap/heatmap.pl line 82, <FA> line 42.
Use of uninitialized value in addition (+) at ./app/static/program/pheatmap/heatmap.pl line 83, <FA> line 42.
Use of uninitialized value within @tmp in concatenation (.) or string at ./app/static/program/pheatmap/heatmap.pl line 82, <FA> line 42.
Use of uninitialized value in addition (+) at ./app/static/program/pheatmap/heatmap.pl line 83, <FA> line 42.
Use of uninitialized value within @tmp in concatenation (.) or string at ./app/static/program/pheatmap/heatmap.pl line 82, <FA> line 42.
Use of uninitialized value in addition (+) at ./app/static/program/pheatmap/heatmap.pl line 83, <FA> line 42.
Use of uninitialized value within @tmp in concatenation (.) or string at ./app/static/program/pheatmap/heatmap.pl line 82, <FA> line 42.
Use of uninitialized value in addition (+) at ./app/static/program/pheatmap/heatmap.pl line 83, <FA> line 42.
Use of uninitialized value within @tmp in concatenation (.) or string at ./app/static/program/pheatmap/heatmap.pl line 82, <FA> line 42.
Use of uninitialized value in addition (+) at ./app/static/program/pheatmap/heatmap.pl line 83, <FA> line 42.
Argument "AM-e?^C^B^N\0^D\0^C\0>\0M-:I" isn't numeric in addition (+) at ./app/static/program/pheatmap/heatmap.pl line 83, <FA> line 43.
Argument "^B+M-^GM-j?^C^B^N\0^D\0^D\0>\0M-nM-kM-@9#JM-k?~^B" isn't numeric in addition (+) at ./app/static/program/pheatmap/heatmap.pl line 83, <FA> line 43.
Use of uninitialized value within @tmp in concatenation (.) or string at ./app/static/program/pheatmap/heatmap.pl line 82, <FA> line 43.
Use of uninitialized value in addition (+) at ./app/static/program/pheatmap/heatmap.pl line 83, <FA> line 43.
Use of uninitialized value within @tmp in concatenation (.) or string at ./app/static/program/pheatmap/heatmap.pl line 82, <FA> line 43.
Use of uninitialized value in addition (+) at ./app/static/program/pheatmap/heatmap.pl line 83, <FA> line 43.
Use of uninitialized value within @tmp in concatenation (.) or string at ./app/static/program/pheatmap/heatmap.pl line 82, <FA> line 43.
Use of uninitialized value in addition (+) at ./app/static/program/pheatmap/heatmap.pl line 83, <FA> line 43.
Use of uninitialized value within @tmp in concatenation (.) or string at ./app/static/program/pheatmap/heatmap.pl line 82, <FA> line 43.
Use of uninitialized value in addition (+) at ./app/static/program/pheatmap/heatmap.pl line 83, <FA> line 43.
Use of uninitialized value within @tmp in concatenation (.) or string at ./app/static/program/pheatmap/heatmap.pl line 82, <FA> line 43.
Use of uninitialized value in addition (+) at ./app/static/program/pheatmap/heatmap.pl line 83, <FA> line 43.
Argument "\0>\0u^BM-^Z^H^[M-^^M-V?M-}\0" isn't numeric in addition (+) at ./app/static/program/pheatmap/heatmap.pl line 83, <FA> line 44.
Use of uninitialized value within @tmp in concatenation (.) or string at ./app/static/program/pheatmap/heatmap.pl line 82, <FA> line 44.
Use of uninitialized value in addition (+) at ./app/static/program/pheatmap/heatmap.pl line 83, <FA> line 44.
Use of uninitialized value within @tmp in concatenation (.) or string at ./app/static/program/pheatmap/heatmap.pl line 82, <FA> line 44.
Use of uninitialized value in addition (+) at ./app/static/program/pheatmap/heatmap.pl line 83, <FA> line 44.
Use of uninitialized value within @tmp in concatenation (.) or string at ./app/static/program/pheatmap/heatmap.pl line 82, <FA> line 44.
Use of uninitialized value in addition (+) at ./app/static/program/pheatmap/heatmap.pl line 83, <FA> line 44.
Use of uninitialized value within @tmp in concatenation (.) or string at ./app/static/program/pheatmap/heatmap.pl line 82, <FA> line 44.
Use of uninitialized value in addition (+) at ./app/static/program/pheatmap/heatmap.pl line 83, <FA> line 44.
Use of uninitialized value within @tmp in concatenation (.) or string at ./app/static/program/pheatmap/heatmap.pl line 82, <FA> line 44.
Use of uninitialized value in addition (+) at ./app/static/program/pheatmap/heatmap.pl line 83, <FA> line 44.
Use of uninitialized value within @tmp in concatenation (.) or string at ./app/static/program/pheatmap/heatmap.pl line 82, <FA> line 44.
Use of uninitialized value in addition (+) at ./app/static/program/pheatmap/heatmap.pl line 83, <FA> line 44.
Use of uninitialized value within @tmp in concatenation (.) or string at ./app/static/program/pheatmap/heatmap.pl line 82, <FA> line 45.
Use of uninitialized value in addition (+) at ./app/static/program/pheatmap/heatmap.pl line 83, <FA> line 45.
Use of uninitialized value within @tmp in concatenation (.) or string at ./app/static/program/pheatmap/heatmap.pl line 82, <FA> line 45.
Use of uninitialized value in addition (+) at ./app/static/program/pheatmap/heatmap.pl line 83, <FA> line 45.
Use of uninitialized value within @tmp in concatenation (.) or string at ./app/static/program/pheatmap/heatmap.pl line 82, <FA> line 45.
Use of uninitialized value in addition (+) at ./app/static/program/pheatmap/heatmap.pl line 83, <FA> line 45.
Use of uninitialized value within @tmp in concatenation (.) or string at ./app/static/program/pheatmap/heatmap.pl line 82, <FA> line 45.
Use of uninitialized value in addition (+) at ./app/static/program/pheatmap/heatmap.pl line 83, <FA> line 45.
Use of uninitialized value within @tmp in concatenation (.) or string at ./app/static/program/pheatmap/heatmap.pl line 82, <FA> line 45.
Use of uninitialized value in addition (+) at ./app/static/program/pheatmap/heatmap.pl line 83, <FA> line 45.
Use of uninitialized value within @tmp in concatenation (.) or string at ./app/static/program/pheatmap/heatmap.pl line 82, <FA> line 45.
Use of uninitialized value in addition (+) at ./app/static/program/pheatmap/heatmap.pl line 83, <FA> line 45.
Use of uninitialized value within @tmp in concatenation (.) or string at ./app/static/program/pheatmap/heatmap.pl line 82, <FA> line 45.
Use of uninitialized value in addition (+) at ./app/static/program/pheatmap/heatmap.pl line 83, <FA> line 45.
Argument "\0>\0B>M-hM-YM-,M-zM-<?M-}\0" isn't numeric in addition (+) at ./app/static/program/pheatmap/heatmap.pl line 83, <FA> line 46.
Use of uninitialized value within @tmp in concatenation (.) or string at ./app/static/program/pheatmap/heatmap.pl line 82, <FA> line 46.
Use of uninitialized value in addition (+) at ./app/static/program/pheatmap/heatmap.pl line 83, <FA> line 46.
Use of uninitialized value within @tmp in concatenation (.) or string at ./app/static/program/pheatmap/heatmap.pl line 82, <FA> line 46.
Use of uninitialized value in addition (+) at ./app/static/program/pheatmap/heatmap.pl line 83, <FA> line 46.
Use of uninitialized value within @tmp in concatenation (.) or string at ./app/static/program/pheatmap/heatmap.pl line 82, <FA> line 46.
Use of uninitialized value in addition (+) at ./app/static/program/pheatmap/heatmap.pl line 83, <FA> line 46.
Use of uninitialized value within @tmp in concatenation (.) or string at ./app/static/program/pheatmap/heatmap.pl line 82, <FA> line 46.
Use of uninitialized value in addition (+) at ./app/static/program/pheatmap/heatmap.pl line 83, <FA> line 46.
Use of uninitialized value within @tmp in concatenation (.) or string at ./app/static/program/pheatmap/heatmap.pl line 82, <FA> line 46.
Use of uninitialized value in addition (+) at ./app/static/program/pheatmap/heatmap.pl line 83, <FA> line 46.
Use of uninitialized value within @tmp in concatenation (.) or string at ./app/static/program/pheatmap/heatmap.pl line 82, <FA> line 46.
Use of uninitialized value in addition (+) at ./app/static/program/pheatmap/heatmap.pl line 83, <FA> line 46.
Use of uninitialized value within @tmp in concatenation (.) or string at ./app/static/program/pheatmap/heatmap.pl line 82, <FA> line 47.
Use of uninitialized value in addition (+) at ./app/static/program/pheatmap/heatmap.pl line 83, <FA> line 47.
Use of uninitialized value within @tmp in concatenation (.) or string at ./app/static/program/pheatmap/heatmap.pl line 82, <FA> line 47.
Use of uninitialized value in addition (+) at ./app/static/program/pheatmap/heatmap.pl line 83, <FA> line 47.
Use of uninitialized value within @tmp in concatenation (.) or string at ./app/static/program/pheatmap/heatmap.pl line 82, <FA> line 47.
Use of uninitialized value in addition (+) at ./app/static/program/pheatmap/heatmap.pl line 83, <FA> line 47.
Use of uninitialized value within @tmp in concatenation (.) or string at ./app/static/program/pheatmap/heatmap.pl line 82, <FA> line 47.
Use of uninitialized value in addition (+) at ./app/static/program/pheatmap/heatmap.pl line 83, <FA> line 47.
Use of uninitialized value within @tmp in concatenation (.) or string at ./app/static/program/pheatmap/heatmap.pl line 82, <FA> line 47.
Use of uninitialized value in addition (+) at ./app/static/program/pheatmap/heatmap.pl line 83, <FA> line 47.
Use of uninitialized value within @tmp in concatenation (.) or string at ./app/static/program/pheatmap/heatmap.pl line 82, <FA> line 47.
Use of uninitialized value in addition (+) at ./app/static/program/pheatmap/heatmap.pl line 83, <FA> line 47.
Use of uninitialized value within @tmp in concatenation (.) or string at ./app/static/program/pheatmap/heatmap.pl line 82, <FA> line 47.
Use of uninitialized value in addition (+) at ./app/static/program/pheatmap/heatmap.pl line 83, <FA> line 47.
Argument "M-GM-?^C^B^N\0^F\0" isn't numeric in addition (+) at ./app/static/program/pheatmap/heatmap.pl line 83, <FA> line 48.
Argument "\0>\0^K$(~M-\fM-9M-;M-?M-}\0" isn't numeric in addition (+) at ./app/static/program/pheatmap/heatmap.pl line 83, <FA> line 48.
Use of uninitialized value within @tmp in concatenation (.) or string at ./app/static/program/pheatmap/heatmap.pl line 82, <FA> line 48.
Use of uninitialized value in addition (+) at ./app/static/program/pheatmap/heatmap.pl line 83, <FA> line 48.
Use of uninitialized value within @tmp in concatenation (.) or string at ./app/static/program/pheatmap/heatmap.pl line 82, <FA> line 48.
Use of uninitialized value in addition (+) at ./app/static/program/pheatmap/heatmap.pl line 83, <FA> line 48.
Use of uninitialized value within @tmp in concatenation (.) or string at ./app/static/program/pheatmap/heatmap.pl line 82, <FA> line 48.
Use of uninitialized value in addition (+) at ./app/static/program/pheatmap/heatmap.pl line 83, <FA> line 48.
Use of uninitialized value within @tmp in concatenation (.) or string at ./app/static/program/pheatmap/heatmap.pl line 82, <FA> line 48.
Use of uninitialized value in addition (+) at ./app/static/program/pheatmap/heatmap.pl line 83, <FA> line 48.
Use of uninitialized value within @tmp in concatenation (.) or string at ./app/static/program/pheatmap/heatmap.pl line 82, <FA> line 48.
Use of uninitialized value in addition (+) at ./app/static/program/pheatmap/heatmap.pl line 83, <FA> line 48.
Argument "M-GM-?~^B" isn't numeric in addition (+) at ./app/static/program/pheatmap/heatmap.pl line 83, <FA> line 49.
Use of uninitialized value within @tmp in concatenation (.) or string at ./app/static/program/pheatmap/heatmap.pl line 82, <FA> line 49.
Use of uninitialized value in addition (+) at ./app/static/program/pheatmap/heatmap.pl line 83, <FA> line 49.
Use of uninitialized value within @tmp in concatenation (.) or string at ./app/static/program/pheatmap/heatmap.pl line 82, <FA> line 49.
Use of uninitialized value in addition (+) at ./app/static/program/pheatmap/heatmap.pl line 83, <FA> line 49.
Use of uninitialized value within @tmp in concatenation (.) or string at ./app/static/program/pheatmap/heatmap.pl line 82, <FA> line 49.
Use of uninitialized value in addition (+) at ./app/static/program/pheatmap/heatmap.pl line 83, <FA> line 49.
Use of uninitialized value within @tmp in concatenation (.) or string at ./app/static/program/pheatmap/heatmap.pl line 82, <FA> line 49.
Use of uninitialized value in addition (+) at ./app/static/program/pheatmap/heatmap.pl line 83, <FA> line 49.
Use of uninitialized value within @tmp in concatenation (.) or string at ./app/static/program/pheatmap/heatmap.pl line 82, <FA> line 49.
Use of uninitialized value in addition (+) at ./app/static/program/pheatmap/heatmap.pl line 83, <FA> line 49.
Use of uninitialized value within @tmp in concatenation (.) or string at ./app/static/program/pheatmap/heatmap.pl line 82, <FA> line 49.
Use of uninitialized value in addition (+) at ./app/static/program/pheatmap/heatmap.pl line 83, <FA> line 49.
Argument "\0>\0M-LM-nM-IM-CBM--M-9?M-}\0" isn't numeric in addition (+) at ./app/static/program/pheatmap/heatmap.pl line 83, <FA> line 50.
Use of uninitialized value within @tmp in concatenation (.) or string at ./app/static/program/pheatmap/heatmap.pl line 82, <FA> line 50.
Use of uninitialized value in addition (+) at ./app/static/program/pheatmap/heatmap.pl line 83, <FA> line 50.
Use of uninitialized value within @tmp in concatenation (.) or string at ./app/static/program/pheatmap/heatmap.pl line 82, <FA> line 50.
Use of uninitialized value in addition (+) at ./app/static/program/pheatmap/heatmap.pl line 83, <FA> line 50.
Use of uninitialized value within @tmp in concatenation (.) or string at ./app/static/program/pheatmap/heatmap.pl line 82, <FA> line 50.
Use of uninitialized value in addition (+) at ./app/static/program/pheatmap/heatmap.pl line 83, <FA> line 50.
Use of uninitialized value within @tmp in concatenation (.) or string at ./app/static/program/pheatmap/heatmap.pl line 82, <FA> line 50.
Use of uninitialized value in addition (+) at ./app/static/program/pheatmap/heatmap.pl line 83, <FA> line 50.
Use of uninitialized value within @tmp in concatenation (.) or string at ./app/static/program/pheatmap/heatmap.pl line 82, <FA> line 50.
Use of uninitialized value in addition (+) at ./app/static/program/pheatmap/heatmap.pl line 83, <FA> line 50.
Use of uninitialized value within @tmp in concatenation (.) or string at ./app/static/program/pheatmap/heatmap.pl line 82, <FA> line 50.
Use of uninitialized value in addition (+) at ./app/static/program/pheatmap/heatmap.pl line 83, <FA> line 50.
Argument "M-P?^C^B^N\0^H\0^C\0>\0$M-9M-|M-^GM-tM-[M-_?^C^B^N\0^H\0..." isn't numeric in addition (+) at ./app/static/program/pheatmap/heatmap.pl line 83, <FA> line 51.
Use of uninitialized value within @tmp in concatenation (.) or string at ./app/static/program/pheatmap/heatmap.pl line 82, <FA> line 51.
Use of uninitialized value in addition (+) at ./app/static/program/pheatmap/heatmap.pl line 83, <FA> line 51.
Use of uninitialized value within @tmp in concatenation (.) or string at ./app/static/program/pheatmap/heatmap.pl line 82, <FA> line 51.
Use of uninitialized value in addition (+) at ./app/static/program/pheatmap/heatmap.pl line 83, <FA> line 51.
Use of uninitialized value within @tmp in concatenation (.) or string at ./app/static/program/pheatmap/heatmap.pl line 82, <FA> line 51.
Use of uninitialized value in addition (+) at ./app/static/program/pheatmap/heatmap.pl line 83, <FA> line 51.
Use of uninitialized value within @tmp in concatenation (.) or string at ./app/static/program/pheatmap/heatmap.pl line 82, <FA> line 51.
Use of uninitialized value in addition (+) at ./app/static/program/pheatmap/heatmap.pl line 83, <FA> line 51.
Use of uninitialized value within @tmp in concatenation (.) or string at ./app/static/program/pheatmap/heatmap.pl line 82, <FA> line 51.
Use of uninitialized value in addition (+) at ./app/static/program/pheatmap/heatmap.pl line 83, <FA> line 51.
Use of uninitialized value within @tmp in concatenation (.) or string at ./app/static/program/pheatmap/heatmap.pl line 82, <FA> line 51.
Use of uninitialized value in addition (+) at ./app/static/program/pheatmap/heatmap.pl line 83, <FA> line 51.
Argument "\0>\0\0\0M-p?M->\0^Z\0^K\0\0\0?\0?\0?\0?\0?\0?\0?\0?\0?\0..." isn't numeric in addition (+) at ./app/static/program/pheatmap/heatmap.pl line 83, <FA> line 52.
Argument "\0M->\0^Z\0" isn't numeric in addition (+) at ./app/static/program/pheatmap/heatmap.pl line 83, <FA> line 52.
Argument "\0\0\0>\0>\0>\0>\0>\0>\0>\0>\0>\0?\0" isn't numeric in addition (+) at ./app/static/program/pheatmap/heatmap.pl line 83, <FA> line 52.
Argument "\0M->\0^Z\0" isn't numeric in addition (+) at ./app/static/program/pheatmap/heatmap.pl line 83, <FA> line 52.
Argument "\0\0\0>\0>\0>\0>\0>\0>\0>\0>\0>\0?\0" isn't numeric in addition (+) at ./app/static/program/pheatmap/heatmap.pl line 83, <FA> line 52.
Argument "\0M->\0^Z\0^N\0\0\0>\0>\0>\0>\0>\0>\0>\0>\0>\0?\0" isn't numeric in addition (+) at ./app/static/program/pheatmap/heatmap.pl line 83, <FA> line 52.
Argument "\0M->\0^Z\0^O\0\0\0>\0>\0>\0>\0>\0>\0>\0>\0>\0?\0" isn't numeric in addition (+) at ./app/static/program/pheatmap/heatmap.pl line 83, <FA> line 52.
Argument "^H^P\0\0^F^P\0M-)^_M-M^GM-I\0^A\0^F^D\0\0^K^B^P\0\0\0\0\0..." isn't numeric in addition (+) at ./app/static/program/pheatmap/heatmap.pl line 83, <FA> line 53.
Argument "\0^B\0^A\0" isn't numeric in addition (+) at ./app/static/program/pheatmap/heatmap.pl line 83, <FA> line 53.
Argument "\0^B\0d\0^O\0^B\0^A\0^Q\0^B\0\0\0^P\0^H\0M-|M-)M-qM-RMbP..." isn't numeric in addition (+) at ./app/static/program/pheatmap/heatmap.pl line 83, <FA> line 53.
Argument "\0\0\0\0\0d\0^A\0^A\0M-H\0^A\0^A\0M-H\0^A\0\0\0L\0e\0t\0..." isn't numeric in addition (+) at ./app/static/program/pheatmap/heatmap.pl line 83, <FA> line 53.
Argument "\0d\0^A\0^A\0^A\0^B\0M-H\0M-H\0333333M-S?333333M-S?^A\0M-^\..." isn't numeric in addition (+) at ./app/static/program/pheatmap/heatmap.pl line 83, <FA> line 53.
Use of uninitialized value within @tmp in concatenation (.) or string at ./app/static/program/pheatmap/heatmap.pl line 82, <FA> line 53.
Use of uninitialized value in addition (+) at ./app/static/program/pheatmap/heatmap.pl line 83, <FA> line 53.
Use of uninitialized value within @tmp in concatenation (.) or string at ./app/static/program/pheatmap/heatmap.pl line 82, <FA> line 53.
Use of uninitialized value in addition (+) at ./app/static/program/pheatmap/heatmap.pl line 83, <FA> line 53.
Argument "^H^P\0\0^F^P\0M-)^_M-M^GM-I\0^A\0^F^D\0\0^K^B^P\0\0\0\0\0..." isn't numeric in addition (+) at ./app/static/program/pheatmap/heatmap.pl line 83, <FA> line 54.
Argument "\0^B\0^A\0" isn't numeric in addition (+) at ./app/static/program/pheatmap/heatmap.pl line 83, <FA> line 54.
Argument "\0^B\0d\0^O\0^B\0^A\0^Q\0^B\0\0\0^P\0^H\0M-|M-)M-qM-RMbP..." isn't numeric in addition (+) at ./app/static/program/pheatmap/heatmap.pl line 83, <FA> line 54.
Argument "\0\0\0\0\0d\0^A\0^A\0M-H\0^A\0^A\0M-H\0^A\0\0\0L\0e\0t\0..." isn't numeric in addition (+) at ./app/static/program/pheatmap/heatmap.pl line 83, <FA> line 54.
Argument "\0d\0^A\0^A\0^A\0^B\0M-H\0M-H\0333333M-S?333333M-S?^A\0M-^\..." isn't numeric in addition (+) at ./app/static/program/pheatmap/heatmap.pl line 83, <FA> line 54.
Use of uninitialized value within @tmp in concatenation (.) or string at ./app/static/program/pheatmap/heatmap.pl line 82, <FA> line 54.
Use of uninitialized value in addition (+) at ./app/static/program/pheatmap/heatmap.pl line 83, <FA> line 54.
Use of uninitialized value within @tmp in concatenation (.) or string at ./app/static/program/pheatmap/heatmap.pl line 82, <FA> line 54.
Use of uninitialized value in addition (+) at ./app/static/program/pheatmap/heatmap.pl line 83, <FA> line 54.
Argument "\0\0\0M-~M-^?M-^?M-^?M-^?M-^?M-^?M-^?M-^?M-^?M-^?M-^?M-^?..." isn't numeric in addition (+) at ./app/static/program/pheatmap/heatmap.pl line 83, <FA> line 55.
Argument "\0\0\0M-\0\0\0\0" isn't numeric in addition (+) at ./app/static/program/pheatmap/heatmap.pl line 83, <FA> line 55.
Argument "\0\0\0M-\f\0\0\0^S\0\0\0M-^X\0\0\0^B\0\0\0M-(^C\0\0^^\0\0..." isn't numeric in addition (+) at ./app/static/program/pheatmap/heatmap.pl line 83, <FA> line 55.
Argument "Excel\0@\0\0\0M-\0M-1^ZM-O&M-WM-F^A@\0\0\0M-\0M-46M-^P)M-a..." isn't numeric in addition (+) at ./app/static/program/pheatmap/heatmap.pl line 83, <FA> line 55.
Argument "\0\0\0x\0\0\0" isn't numeric in addition (+) at ./app/static/program/pheatmap/heatmap.pl line 83, <FA> line 55.
Argument "\0\0\0M-!\0\0\0^B\0\0\0M-(^C\0\0^C\0\0\0\0\0" isn't numeric in addition (+) at ./app/static/program/pheatmap/heatmap.pl line 83, <FA> line 55.
Argument "\0^K\0\0\0\0\0\0\0^K\0\0\0\0\0\0\0^K\0\0\0\0\0\0\0^K\0\0..." isn't numeric in addition (+) at ./app/static/program/pheatmap/heatmap.pl line 83, <FA> line 55.
Argument "^H^B\0\0\0\0\0M-@\0\0\0\0\0\0F#\0\0\0Microsoft" isn't numeric in addition (+) at ./app/static/program/pheatmap/heatmap.pl line 83, <FA> line 56.
Argument "Office" isn't numeric in addition (+) at ./app/static/program/pheatmap/heatmap.pl line 83, <FA> line 56.
Argument "Excel" isn't numeric in addition (+) at ./app/static/program/pheatmap/heatmap.pl line 83, <FA> line 56.
Argument "M-9M-$M-WM-wM-1M-m\0^F\0\0\0Biff8\0^N\0\0\0Excel.Sheet.8..." isn't numeric in addition (+) at ./app/static/program/pheatmap/heatmap.pl line 83, <FA> line 56.
Use of uninitialized value within @tmp in concatenation (.) or string at ./app/static/program/pheatmap/heatmap.pl line 82, <FA> line 56.
Use of uninitialized value in addition (+) at ./app/static/program/pheatmap/heatmap.pl line 83, <FA> line 56.
Use of uninitialized value within @tmp in concatenation (.) or string at ./app/static/program/pheatmap/heatmap.pl line 82, <FA> line 56.
Use of uninitialized value in addition (+) at ./app/static/program/pheatmap/heatmap.pl line 83, <FA> line 56.
Warning messages:
1: In read.table(args[10], header = TRUE, sep = "\t", check.name = FALSE) :
  line 1 appears to contain embedded nulls
2: In read.table(args[10], header = TRUE, sep = "\t", check.name = FALSE) :
  line 2 appears to contain embedded nulls
Error in `[.data.frame`(data, , 2:length(data[1, ])) : 
  undefined columns selected
Calls: [ -> [.data.frame
Execution halted
Can't call method "desiredCompressionLevel" on an undefined value at /usr/local/share/perl5/Archive/Zip/Archive.pm line 261, <FA> line 56.
