Argument "Q5BKB0" isn't numeric in abs at ./app/static/program/volcano/Volcano_plot.pl line 125, <IN> line 288.
Argument "Q544E0" isn't numeric in abs at ./app/static/program/volcano/Volcano_plot.pl line 125, <IN> line 546.
Argument "A0A0U5J4W4" isn't numeric in abs at ./app/static/program/volcano/Volcano_plot.pl line 125, <IN> line 1187.
Argument "Q4VJC0" isn't numeric in abs at ./app/static/program/volcano/Volcano_plot.pl line 125, <IN> line 1815.
Argument "A3RL32" isn't numeric in abs at ./app/static/program/volcano/Volcano_plot.pl line 125, <IN> line 2522.
Argument "Q3U0R5" isn't numeric in abs at ./app/static/program/volcano/Volcano_plot.pl line 125, <IN> line 2777.
Argument "A0A0G2JX74" isn't numeric in abs at ./app/static/program/volcano/Volcano_plot.pl line 125, <IN> line 3002.
Argument "Q3ULR1" isn't numeric in abs at ./app/static/program/volcano/Volcano_plot.pl line 125, <IN> line 4402.
Argument "A0A0G2JFT1" isn't numeric in abs at ./app/static/program/volcano/Volcano_plot.pl line 125, <IN> line 4440.
Argument "Q3SYK5" isn't numeric in abs at ./app/static/program/volcano/Volcano_plot.pl line 125, <IN> line 4553.
Argument "F8WH10" isn't numeric in abs at ./app/static/program/volcano/Volcano_plot.pl line 125, <IN> line 4756.
Argument "F2Z3U1" isn't numeric in abs at ./app/static/program/volcano/Volcano_plot.pl line 125, <IN> line 5264.
Argument "Q3UVA0" isn't numeric in abs at ./app/static/program/volcano/Volcano_plot.pl line 125, <IN> line 5469.
Argument "A0A1U7R7B3" isn't numeric in abs at ./app/static/program/volcano/Volcano_plot.pl line 125, <IN> line 5618.
Argument "A0A1A6HUI1" isn't numeric in abs at ./app/static/program/volcano/Volcano_plot.pl line 125, <IN> line 7158.
Argument "F8WI90" isn't numeric in abs at ./app/static/program/volcano/Volcano_plot.pl line 125, <IN> line 7968.
Argument "A0A0J9YUZ4" isn't numeric in abs at ./app/static/program/volcano/Volcano_plot.pl line 125, <IN> line 8321.
Argument "A0A1U7Q2G1" isn't numeric in abs at ./app/static/program/volcano/Volcano_plot.pl line 125, <IN> line 8932.
Argument "Q4FJM5" isn't numeric in abs at ./app/static/program/volcano/Volcano_plot.pl line 125, <IN> line 10086.
Argument "H0V7V1" isn't numeric in abs at ./app/static/program/volcano/Volcano_plot.pl line 125, <IN> line 10345.
Argument "A0A0G2JSH4" isn't numeric in abs at ./app/static/program/volcano/Volcano_plot.pl line 125, <IN> line 10738.
Argument "G3X9T7" isn't numeric in abs at ./app/static/program/volcano/Volcano_plot.pl line 125, <IN> line 12327.
Argument "A0A1B1RV27" isn't numeric in abs at ./app/static/program/volcano/Volcano_plot.pl line 125, <IN> line 13245.
Argument "A0A0G2JT93" isn't numeric in abs at ./app/static/program/volcano/Volcano_plot.pl line 125, <IN> line 13566.
Argument "K7QD41" isn't numeric in abs at ./app/static/program/volcano/Volcano_plot.pl line 125, <IN> line 13808.
Argument "Q3UCW2" isn't numeric in abs at ./app/static/program/volcano/Volcano_plot.pl line 125, <IN> line 14114.
Argument "Q53Z05" isn't numeric in abs at ./app/static/program/volcano/Volcano_plot.pl line 125, <IN> line 14513.
Argument "Q7TSN8" isn't numeric in abs at ./app/static/program/volcano/Volcano_plot.pl line 125, <IN> line 14848.
Argument "A0A140TAA7" isn't numeric in abs at ./app/static/program/volcano/Volcano_plot.pl line 125, <IN> line 14909.
Argument "A0A0R4IZW4" isn't numeric in abs at ./app/static/program/volcano/Volcano_plot.pl line 125, <IN> line 15061.
Argument "A0A024QYR9" isn't numeric in abs at ./app/static/program/volcano/Volcano_plot.pl line 125, <IN> line 15372.
Argument "F1LNJ1" isn't numeric in abs at ./app/static/program/volcano/Volcano_plot.pl line 125, <IN> line 15708.
Argument "A0A1U7RBG7" isn't numeric in abs at ./app/static/program/volcano/Volcano_plot.pl line 125, <IN> line 16990.
Argument "F8WID3" isn't numeric in abs at ./app/static/program/volcano/Volcano_plot.pl line 125, <IN> line 17393.
Argument "Q80ZA1" isn't numeric in abs at ./app/static/program/volcano/Volcano_plot.pl line 125, <IN> line 17558.
Argument "Q2IBC6" isn't numeric in abs at ./app/static/program/volcano/Volcano_plot.pl line 125, <IN> line 17969.
Argument "G5BNW3" isn't numeric in abs at ./app/static/program/volcano/Volcano_plot.pl line 125, <IN> line 18438.
Argument "Q3UTR7" isn't numeric in abs at ./app/static/program/volcano/Volcano_plot.pl line 125, <IN> line 19292.
Error in Math.factor(no_degs_y) : ‘log10’ not meaningful for factors
Execution halted
